Build started 10/6/2012 3:08:49 PM.
     1>Project "C:\Users\Rod\documents\visual studio 2010\Projects\SIFT\SIFT\SIFT.vcxproj" on node 2 (build target(s)).
     1>InitializeBuildStatus:
         Creating "Debug\SIFT.unsuccessfulbuild" because "AlwaysCreate" was specified.
       ClCompile:
         c:\Program Files (x86)\Microsoft Visual Studio 10.0\VC\bin\CL.exe /c /IC:\opencv\build\include\opencv2 /IC:\opencv\build\include\opencv /IC:\opencv\build\include /ZI /nologo /W3 /WX- /Od /Oy- /D _MBCS /Gm /EHsc /RTC1 /MDd /GS /fp:precise /Zc:wchar_t /Zc:forScope /Fo"Debug\\" /Fd"Debug\vc100.pdb" /Gd /TP /analyze- /errorReport:prompt SIFT.cpp
         SIFT.cpp
     1>c:\opencv\build\include\opencv2\flann\logger.h(66): warning C4996: 'fopen': This function or variable may be unsafe. Consider using fopen_s instead. To disable deprecation, use _CRT_SECURE_NO_WARNINGS. See online help for details.
                 c:\program files (x86)\microsoft visual studio 10.0\vc\include\stdio.h(234) : see declaration of 'fopen'
       Link:
         c:\Program Files (x86)\Microsoft Visual Studio 10.0\VC\bin\link.exe /ERRORREPORT:PROMPT /OUT:"C:\Users\Rod\documents\visual studio 2010\Projects\SIFT\Debug\SIFT.exe" /NOLOGO /LIBPATH:C:\opencv\build\common\tbb\ia32\vc10 /LIBPATH:C:\opencv\build\x86\vc10\bin /LIBPATH:C:\opencv\build\x86\vc10\lib opencv_core242d.lib opencv_imgproc242d.lib opencv_highgui242d.lib opencv_ml242d.lib opencv_video242d.lib opencv_features2d242d.lib opencv_calib3d242d.lib opencv_objdetect242d.lib opencv_contrib242d.lib opencv_legacy242d.lib opencv_flann242d.lib kernel32.lib user32.lib gdi32.lib winspool.lib comdlg32.lib advapi32.lib shell32.lib ole32.lib oleaut32.lib uuid.lib odbc32.lib odbccp32.lib /MANIFEST /ManifestFile:"Debug\SIFT.exe.intermediate.manifest" /MANIFESTUAC:"level='asInvoker' uiAccess='false'" /DEBUG /PDB:"C:\Users\Rod\documents\visual studio 2010\Projects\SIFT\Debug\SIFT.pdb" /TLBID:1 /DYNAMICBASE /NXCOMPAT /IMPLIB:"C:\Users\Rod\documents\visual studio 2010\Projects\SIFT\Debug\SIFT.lib" /MACHINE:X86 Debug\diff_gauss.obj
         Debug\dog_keypoints.obj
         Debug\gaussian_blur.obj
         Debug\greyscale.obj
         Debug\scale_space.obj
         Debug\SIFT.obj
         LINK : C:\Users\Rod\documents\visual studio 2010\Projects\SIFT\Debug\SIFT.exe not found or not built by the last incremental link; performing full link
         SIFT.vcxproj -> C:\Users\Rod\documents\visual studio 2010\Projects\SIFT\Debug\SIFT.exe
       Manifest:
         C:\Program Files (x86)\Microsoft SDKs\Windows\v7.0A\bin\mt.exe /nologo /verbose /outputresource:"C:\Users\Rod\documents\visual studio 2010\Projects\SIFT\Debug\SIFT.exe;#1" /manifest Debug\SIFT.exe.intermediate.manifest
       FinalizeBuildStatus:
         Deleting file "Debug\SIFT.unsuccessfulbuild".
         Touching "Debug\SIFT.lastbuildstate".
     1>Done Building Project "C:\Users\Rod\documents\visual studio 2010\Projects\SIFT\SIFT\SIFT.vcxproj" (build target(s)).

Build succeeded.

Time Elapsed 00:00:03.05
